{"/Users/hyunjusong/iSamples/solr-faceted-search-react/src/components/icons/unchecked.js": {"path":"/Users/hyunjusong/iSamples/solr-faceted-search-react/src/components/icons/unchecked.js","statementMap":{"0":{"start":{"line":6,"column":16},"end":{"line":6,"column":83}},"1":{"start":{"line":8,"column":4},"end":{"line":13,"column":6}},"2":{"start":{"line":17,"column":0},"end":{"line":17,"column":32}},"3":{"start":{"line":19,"column":0},"end":{"line":21,"column":2}}},"fnMap":{"0":{"name":"(anonymous_0)","decl":{"start":{"line":5,"column":2},"end":{"line":5,"column":3}},"loc":{"start":{"line":5,"column":11},"end":{"line":14,"column":3}},"line":5}},"branchMap":{"0":{"loc":{"start":{"line":6,"column":16},"end":{"line":6,"column":83}},"type":"cond-expr","locations":[{"start":{"line":6,"column":43},"end":{"line":6,"column":76}},{"start":{"line":6,"column":79},"end":{"line":6,"column":83}}],"line":6}},"s":{"0":1,"1":1,"2":1,"3":1},"f":{"0":1},"b":{"0":[0,1]},"_coverageSchema":"1a1c01bbd47fc00a2c39e90264f33305004495a9","hash":"3576c1e6fc82a91ef8430909ada8af4aa6f44317"}
}
